0 info it worked if it ends with ok
1 verbose cli [ '/usr/local/bin/node', '/usr/local/bin/npm', 'init' ]
2 info using npm@3.10.10
3 info using node@v6.9.4
4 silly package data { name: 'todo-mvc',
4 silly package data   version: '1.0.0',
4 silly package data   description: 'A simple project to learn Vue.js',
4 silly package data   main: 'main.js',
4 silly package data   dependencies: { vue: '^2.3.4' },
4 silly package data   devDependencies: {},
4 silly package data   scripts: { test: 'echo "Error: no test specified" && exit 1' },
4 silly package data   author: 'Anna Gabriela',
4 silly package data   license: 'ISC' }
5 info init written successfully
6 verbose stack Error: ENOENT: no such file or directory, open '/Library/WebServer/Documents/Anna/Projetos/VueProject/package.json'
6 verbose stack     at Error (native)
7 verbose cwd /Library/WebServer/Documents/Anna/Projetos/VueProject
8 error Darwin 16.6.0
9 error argv "/usr/local/bin/node" "/usr/local/bin/npm" "init"
10 error node v6.9.4
11 error npm  v3.10.10
12 error path /Library/WebServer/Documents/Anna/Projetos/VueProject/package.json
13 error code ENOENT
14 error errno -2
15 error syscall open
16 error enoent ENOENT: no such file or directory, open '/Library/WebServer/Documents/Anna/Projetos/VueProject/package.json'
17 error enoent ENOENT: no such file or directory, open '/Library/WebServer/Documents/Anna/Projetos/VueProject/package.json'
17 error enoent This is most likely not a problem with npm itself
17 error enoent and is related to npm not being able to find a file.
18 verbose exit [ -2, true ]
